0 info it worked if it ends with ok
1 verbose cli [ '/usr/bin/nodejs', '/usr/bin/npm', 'install', '-g', 'ios-sim' ]
2 info using npm@1.3.10
3 info using node@v0.10.25
4 verbose cache add [ 'ios-sim', null ]
5 verbose cache add name=undefined spec="ios-sim" args=["ios-sim",null]
6 verbose parsed url { protocol: null,
6 verbose parsed url   slashes: null,
6 verbose parsed url   auth: null,
6 verbose parsed url   host: null,
6 verbose parsed url   port: null,
6 verbose parsed url   hostname: null,
6 verbose parsed url   hash: null,
6 verbose parsed url   search: null,
6 verbose parsed url   query: null,
6 verbose parsed url   pathname: 'ios-sim',
6 verbose parsed url   path: 'ios-sim',
6 verbose parsed url   href: 'ios-sim' }
7 silly lockFile 6af69284-ios-sim ios-sim
8 verbose lock ios-sim /home/pierre/.npm/6af69284-ios-sim.lock
9 silly lockFile 6af69284-ios-sim ios-sim
10 silly lockFile 6af69284-ios-sim ios-sim
11 verbose addNamed [ 'ios-sim', '' ]
12 verbose addNamed [ null, '*' ]
13 silly lockFile 03dce7cc-ios-sim ios-sim@
14 verbose lock ios-sim@ /home/pierre/.npm/03dce7cc-ios-sim.lock
15 silly addNameRange { name: 'ios-sim', range: '*', hasData: false }
16 verbose url raw ios-sim
17 verbose url resolving [ 'https://registry.npmjs.org/', './ios-sim' ]
18 verbose url resolved https://registry.npmjs.org/ios-sim
19 info trying registry request attempt 1 at 22:36:53
20 http GET https://registry.npmjs.org/ios-sim
21 http 200 https://registry.npmjs.org/ios-sim
22 silly registry.get cb [ 200,
22 silly registry.get   { server: 'CouchDB/1.5.0 (Erlang OTP/R16B03)',
22 silly registry.get     etag: '"1DM0MTV65SL308Q45HCJAASC1"',
22 silly registry.get     'content-type': 'application/json',
22 silly registry.get     'cache-control': 'max-age=60',
22 silly registry.get     'content-length': '16052',
22 silly registry.get     'accept-ranges': 'bytes',
22 silly registry.get     date: 'Wed, 15 Jul 2015 20:36:54 GMT',
22 silly registry.get     via: '1.1 varnish',
22 silly registry.get     age: '0',
22 silly registry.get     connection: 'keep-alive',
22 silly registry.get     'x-served-by': 'cache-ams4121-AMS',
22 silly registry.get     'x-cache': 'HIT',
22 silly registry.get     'x-cache-hits': '1',
22 silly registry.get     'x-timer': 'S1436992614.267924,VS0,VE164',
22 silly registry.get     vary: 'Accept' } ]
23 silly addNameRange number 2 { name: 'ios-sim', range: '*', hasData: true }
24 silly addNameRange versions [ 'ios-sim',
24 silly addNameRange   [ '1.8.0',
24 silly addNameRange     '1.8.1',
24 silly addNameRange     '1.8.2',
24 silly addNameRange     '1.9.0',
24 silly addNameRange     '2.0.0',
24 silly addNameRange     '2.0.1',
24 silly addNameRange     '3.0.0',
24 silly addNameRange     '3.1.0',
24 silly addNameRange     '3.1.1',
24 silly addNameRange     '4.1.0',
24 silly addNameRange     '4.1.1' ] ]
25 verbose addNamed [ 'ios-sim', '4.1.1' ]
26 verbose addNamed [ '4.1.1', '4.1.1' ]
27 silly lockFile 3a5a13fe-ios-sim-4-1-1 ios-sim@4.1.1
28 verbose lock ios-sim@4.1.1 /home/pierre/.npm/3a5a13fe-ios-sim-4-1-1.lock
29 silly lockFile 4bd118d3-js-org-ios-sim-ios-sim-4-1-1-tgz https://registry.npmjs.org/ios-sim/-/ios-sim-4.1.1.tgz
30 verbose lock https://registry.npmjs.org/ios-sim/-/ios-sim-4.1.1.tgz /home/pierre/.npm/4bd118d3-js-org-ios-sim-ios-sim-4-1-1-tgz.lock
31 verbose addRemoteTarball [ 'https://registry.npmjs.org/ios-sim/-/ios-sim-4.1.1.tgz',
31 verbose addRemoteTarball   '3458eca5e5d5e97ae11f19e35f6768584dcbf7cd' ]
32 info retry fetch attempt 1 at 22:36:54
33 verbose fetch to= /home/pierre/tmp/npm-8901-mp4-k7xV/1436992614360-0.8588613164611161/tmp.tgz
34 http GET https://registry.npmjs.org/ios-sim/-/ios-sim-4.1.1.tgz
35 http 200 https://registry.npmjs.org/ios-sim/-/ios-sim-4.1.1.tgz
36 verbose tar unpack /home/pierre/tmp/npm-8901-mp4-k7xV/1436992614360-0.8588613164611161/tmp.tgz
37 silly lockFile cee51089-14360-0-8588613164611161-package tar:///home/pierre/tmp/npm-8901-mp4-k7xV/1436992614360-0.8588613164611161/package
38 verbose lock tar:///home/pierre/tmp/npm-8901-mp4-k7xV/1436992614360-0.8588613164611161/package /home/pierre/.npm/cee51089-14360-0-8588613164611161-package.lock
39 silly lockFile 1bbdad29-14360-0-8588613164611161-tmp-tgz tar:///home/pierre/tmp/npm-8901-mp4-k7xV/1436992614360-0.8588613164611161/tmp.tgz
40 verbose lock tar:///home/pierre/tmp/npm-8901-mp4-k7xV/1436992614360-0.8588613164611161/tmp.tgz /home/pierre/.npm/1bbdad29-14360-0-8588613164611161-tmp-tgz.lock
41 silly gunzTarPerm modes [ '755', '644' ]
42 silly gunzTarPerm extractEntry package.json
43 silly gunzTarPerm extractEntry .npmignore
44 silly gunzTarPerm extractEntry README.md
45 silly gunzTarPerm extractEntry LICENSE
46 silly gunzTarPerm extractEntry CONTRIBUTING.md
47 silly gunzTarPerm extractEntry bin/ios-sim
48 silly gunzTarPerm extractEntry bin/ios-sim.cmd
49 silly gunzTarPerm extractEntry doc/help.txt
50 silly gunzTarPerm extractEntry resources/buildbox/build.sh
51 silly gunzTarPerm extractEntry src/cli.js
52 silly gunzTarPerm extractEntry src/commands.js
53 silly gunzTarPerm extractEntry src/help.js
54 silly lockFile cee51089-14360-0-8588613164611161-package tar:///home/pierre/tmp/npm-8901-mp4-k7xV/1436992614360-0.8588613164611161/package
55 silly lockFile cee51089-14360-0-8588613164611161-package tar:///home/pierre/tmp/npm-8901-mp4-k7xV/1436992614360-0.8588613164611161/package
56 silly lockFile 1bbdad29-14360-0-8588613164611161-tmp-tgz tar:///home/pierre/tmp/npm-8901-mp4-k7xV/1436992614360-0.8588613164611161/tmp.tgz
57 silly lockFile 1bbdad29-14360-0-8588613164611161-tmp-tgz tar:///home/pierre/tmp/npm-8901-mp4-k7xV/1436992614360-0.8588613164611161/tmp.tgz
58 verbose tar pack [ '/home/pierre/.npm/ios-sim/4.1.1/package.tgz',
58 verbose tar pack   '/home/pierre/tmp/npm-8901-mp4-k7xV/1436992614360-0.8588613164611161/package' ]
59 verbose tarball /home/pierre/.npm/ios-sim/4.1.1/package.tgz
60 verbose folder /home/pierre/tmp/npm-8901-mp4-k7xV/1436992614360-0.8588613164611161/package
61 silly lockFile cee51089-14360-0-8588613164611161-package tar:///home/pierre/tmp/npm-8901-mp4-k7xV/1436992614360-0.8588613164611161/package
62 verbose lock tar:///home/pierre/tmp/npm-8901-mp4-k7xV/1436992614360-0.8588613164611161/package /home/pierre/.npm/cee51089-14360-0-8588613164611161-package.lock
63 silly lockFile c61751a7-re-npm-ios-sim-4-1-1-package-tgz tar:///home/pierre/.npm/ios-sim/4.1.1/package.tgz
64 verbose lock tar:///home/pierre/.npm/ios-sim/4.1.1/package.tgz /home/pierre/.npm/c61751a7-re-npm-ios-sim-4-1-1-package-tgz.lock
65 silly lockFile cee51089-14360-0-8588613164611161-package tar:///home/pierre/tmp/npm-8901-mp4-k7xV/1436992614360-0.8588613164611161/package
66 silly lockFile cee51089-14360-0-8588613164611161-package tar:///home/pierre/tmp/npm-8901-mp4-k7xV/1436992614360-0.8588613164611161/package
67 silly lockFile c61751a7-re-npm-ios-sim-4-1-1-package-tgz tar:///home/pierre/.npm/ios-sim/4.1.1/package.tgz
68 silly lockFile c61751a7-re-npm-ios-sim-4-1-1-package-tgz tar:///home/pierre/.npm/ios-sim/4.1.1/package.tgz
69 silly lockFile c64d3791-pierre-npm-ios-sim-4-1-1-package /home/pierre/.npm/ios-sim/4.1.1/package
70 verbose lock /home/pierre/.npm/ios-sim/4.1.1/package /home/pierre/.npm/c64d3791-pierre-npm-ios-sim-4-1-1-package.lock
71 silly lockFile c64d3791-pierre-npm-ios-sim-4-1-1-package /home/pierre/.npm/ios-sim/4.1.1/package
72 silly lockFile c64d3791-pierre-npm-ios-sim-4-1-1-package /home/pierre/.npm/ios-sim/4.1.1/package
73 verbose tar unpack /home/pierre/.npm/ios-sim/4.1.1/package.tgz
74 silly lockFile c7f89a74-pierre-npm-ios-sim-4-1-1-package tar:///home/pierre/.npm/ios-sim/4.1.1/package
75 verbose lock tar:///home/pierre/.npm/ios-sim/4.1.1/package /home/pierre/.npm/c7f89a74-pierre-npm-ios-sim-4-1-1-package.lock
76 silly lockFile c61751a7-re-npm-ios-sim-4-1-1-package-tgz tar:///home/pierre/.npm/ios-sim/4.1.1/package.tgz
77 verbose lock tar:///home/pierre/.npm/ios-sim/4.1.1/package.tgz /home/pierre/.npm/c61751a7-re-npm-ios-sim-4-1-1-package-tgz.lock
78 silly gunzTarPerm modes [ '755', '644' ]
79 silly gunzTarPerm extractEntry package.json
80 silly gunzTarPerm extractEntry .npmignore
81 silly gunzTarPerm extractEntry README.md
82 silly gunzTarPerm extractEntry LICENSE
83 silly gunzTarPerm extractEntry CONTRIBUTING.md
84 silly gunzTarPerm extractEntry bin/ios-sim
85 silly gunzTarPerm extractEntry bin/ios-sim.cmd
86 silly gunzTarPerm extractEntry doc/help.txt
87 silly gunzTarPerm extractEntry resources/buildbox/build.sh
88 silly gunzTarPerm extractEntry src/cli.js
89 silly gunzTarPerm extractEntry src/commands.js
90 silly gunzTarPerm extractEntry src/help.js
91 silly lockFile c7f89a74-pierre-npm-ios-sim-4-1-1-package tar:///home/pierre/.npm/ios-sim/4.1.1/package
92 silly lockFile c7f89a74-pierre-npm-ios-sim-4-1-1-package tar:///home/pierre/.npm/ios-sim/4.1.1/package
93 silly lockFile c61751a7-re-npm-ios-sim-4-1-1-package-tgz tar:///home/pierre/.npm/ios-sim/4.1.1/package.tgz
94 silly lockFile c61751a7-re-npm-ios-sim-4-1-1-package-tgz tar:///home/pierre/.npm/ios-sim/4.1.1/package.tgz
95 verbose chmod /home/pierre/.npm/ios-sim/4.1.1/package.tgz 644
96 verbose chown /home/pierre/.npm/ios-sim/4.1.1/package.tgz [ 1000, 1000 ]
97 silly lockFile 4bd118d3-js-org-ios-sim-ios-sim-4-1-1-tgz https://registry.npmjs.org/ios-sim/-/ios-sim-4.1.1.tgz
98 silly lockFile 4bd118d3-js-org-ios-sim-ios-sim-4-1-1-tgz https://registry.npmjs.org/ios-sim/-/ios-sim-4.1.1.tgz
99 silly lockFile 3a5a13fe-ios-sim-4-1-1 ios-sim@4.1.1
100 silly lockFile 3a5a13fe-ios-sim-4-1-1 ios-sim@4.1.1
101 silly lockFile 03dce7cc-ios-sim ios-sim@
102 silly lockFile 03dce7cc-ios-sim ios-sim@
103 silly resolved [ { name: 'ios-sim',
103 silly resolved     version: '4.1.1',
103 silly resolved     os: [ 'darwin' ],
103 silly resolved     preferGlobal: 'true',
103 silly resolved     description: 'launch iOS apps into the iOS Simulator from the command line (Xcode 6.0+)',
103 silly resolved     main: 'ios-sim',
103 silly resolved     repository: { type: 'git', url: 'https://github.com/phonegap/ios-sim' },
103 silly resolved     engines: { node: '>=0.10.0' },
103 silly resolved     keywords: [ 'ios-sim', 'iOS Simulator' ],
103 silly resolved     bin: { 'ios-sim': './bin/ios-sim' },
103 silly resolved     bugs: { url: 'https://github.com/phonegap/ios-sim/issues' },
103 silly resolved     author: { name: 'Shazron Abdullah' },
103 silly resolved     license: 'MIT',
103 silly resolved     dependencies: { simctl: '^0.0.6', nopt: '1.0.9', 'bplist-parser': '^0.0.6' },
103 silly resolved     readme: 'ios-sim\n=======\n\nSupports Xcode 6 only since version 3.x.\n\nThe ios-sim tool is a command-line utility that launches an iOS application on the iOS Simulator. This allows for niceties such as automated testing without having to open Xcode.\n\nFeatures\n--------\n\n* Choose the device family to simulate, i.e. iPhone or iPad. Run using "showdevicetypes" option to see available device types, and pass it in as the "devicetypeid" parameter.\n\nSee the `--help` option for more info.\n\nThe unimplemented options below are in the [backlog](https://github.com/phonegap/ios-sim/milestones/ios-sim%204.2.0)\n\nUsage\n-----\n\n```\n\n    Usage: ios-sim <command> <options> [--args ...]\n        \n    Commands:\n      showsdks                        List the available iOS SDK versions\n      showdevicetypes                 List the available device types\n      launch <application path>       Launch the application at the specified path on the iOS Simulator\n      start                           Launch iOS Simulator without an app\n\n    Options:\n      --version                       Print the version of ios-sim\n      --help                          Show this help text\n      --exit                          Exit after startup\n      --log <log file path>           The path where log of the app running in the Simulator will be redirected to\n      --devicetypeid <device type>    The id of the device type that should be simulated (Xcode6+). Use \'showdevicetypes\' to list devices.\n                                      e.g "com.apple.CoreSimulator.SimDeviceType.Resizable-iPhone6, 8.0"\n                                  \n    Removed in version 4.x:\n      --stdout <stdout file path>     The path where stdout of the simulator will be redirected to (defaults to stdout of ios-sim)\n      --stderr <stderr file path>     The path where stderr of the simulator will be redirected to (defaults to stderr of ios-sim)\n      --sdk <sdkversion>              The iOS SDK version to run the application on (defaults to the latest)\n      --family <device family>        The device type that should be simulated (defaults to `iphone\')\n      --retina                        Start a retina device\n      --tall                          In combination with --retina flag, start the tall version of the retina device (e.g. iPhone 5 (4-inch))\n      --64bit                         In combination with --retina flag and the --tall flag, start the 64bit version of the tall retina device (e.g. iPhone 5S (4-inch 64bit))\n                                    \n    Unimplemented in this version:\n      --verbose                       Set the output level to verbose\n      --timeout <seconds>             The timeout time to wait for a response from the Simulator. Default value: 30 seconds\n      --args <...>                    All following arguments will be passed on to the application\n      --env <environment file path>   A plist file containing environment key-value pairs that should be set\n      --setenv NAME=VALUE             Set an environment variable\n                                  \n```\n\nInstallation\n------------\n\nWith node.js (at least 0.10.20):\n\n    $ npm install ios-sim -g\n\nDownload an archive:\n\n    $ curl -L https://github.com/phonegap/ios-sim/zipball/4.1.1 -o ios-sim-4.1.1.zip\n    $ unzip ios-sim-4.1.1.zip\n\nOr from a git clone:\n\n    $ git clone git://github.com/phonegap/ios-sim.git\n\n\nTroubleshooting\n------------\n\nMake sure you enable Developer Mode on your machine:\n\n    $ DevToolsSecurity -enable\n\nMake sure multiple instances of launchd_sim are not running:\n\n    $ killall launchd_sim\n\nLicense\n-------\n\nThis project is available under the MIT license. See [LICENSE][license].\n\n[license]: https://github.com/phonegap/ios-sim/blob/master/LICENSE\n',
103 silly resolved     readmeFilename: 'README.md',
103 silly resolved     _id: 'ios-sim@4.1.1',
103 silly resolved     dist: { shasum: 'ac3beda382e159bbf701a3fea02ebbfe1192bae6' },
103 silly resolved     _from: 'ios-sim@',
103 silly resolved     _resolved: 'https://registry.npmjs.org/ios-sim/-/ios-sim-4.1.1.tgz' } ]
104 info install ios-sim@4.1.1 into /usr/local/lib
105 info installOne ios-sim@4.1.1
106 error notsup Unsupported
106 error notsup Not compatible with your operating system or architecture: ios-sim@4.1.1
106 error notsup Valid OS:    darwin
106 error notsup Valid Arch:  any
106 error notsup Actual OS:   linux
106 error notsup Actual Arch: x64
107 error System Linux 3.13.0-24-generic
108 error command "/usr/bin/nodejs" "/usr/bin/npm" "install" "-g" "ios-sim"
109 error cwd /home/pierre/pierre_copy/programming/cordova/hello
110 error node -v v0.10.25
111 error npm -v 1.3.10
112 error code EBADPLATFORM
113 verbose exit [ 1, true ]
